<?xml version="1.0" encoding="UTF-8" standalone="no"?><templates><template autoinsert="true" context="java" deleted="false" description="after-all method (JUnit 5)" enabled="true" name="after_all">@${afterAllType:newType(org.junit.jupiter.api.AfterAll)}
static void ${tearDown}() throws Exception {
	${cursor}
}</template><template autoinsert="true" context="java" deleted="false" description="after-each method (JUnit 5)" enabled="true" name="after_each">@${afterEachType:newType(org.junit.jupiter.api.AfterEach)}
void ${tearDown}() throws Exception {
	${cursor}
}</template><template autoinsert="true" context="java" deleted="false" description="before-all method (JUnit 5)" enabled="true" name="before_all">@${beforeAllType:newType(org.junit.jupiter.api.BeforeAll)}
static void ${setUp}() throws Exception {
	${cursor}
}</template><template autoinsert="true" context="java" deleted="false" description="before-each method (JUnit 5)" enabled="true" name="before_each">@${beforeEachType:newType(org.junit.jupiter.api.BeforeEach)}
void ${setUp}() throws Exception {
	${cursor}
}</template><template autoinsert="true" context="java" deleted="false" description="nested test class (JUnit 5)" enabled="true" name="nested">@${nestedType:newType(org.junit.jupiter.api.Nested)}
@${displayName:newType(org.junit.jupiter.api.DisplayName)}("${testDescription}")
class ${NestedTests} {

	${cursor}

}</template><template autoinsert="true" context="java" deleted="false" description="parameterised test method (JUnit 5)" enabled="true" name="params_test">@${testType:newType(org.junit.jupiter.params.ParameterizedTest)}
@${valueSource:newType(org.junit.jupiter.params.provider.ValueSource)}(${strings} = {${}})
@${displayName:newType(org.junit.jupiter.api.DisplayName)}("${testDescription}")
void ${testName}() throws Exception {
	${staticImport:importStatic('org.junit.jupiter.api.Assertions.*')}${cursor}
}</template><template autoinsert="true" context="java" deleted="false" description="test method (JUnit 5)" enabled="true" name="test">@${testType:newType(org.junit.jupiter.api.Test)}
@${displayName:newType(org.junit.jupiter.api.DisplayName)}("${testDescription}")
void ${testName}() throws Exception {
	${staticImport:importStatic('org.junit.jupiter.api.Assertions.*')}${cursor}
}</template></templates>